<?xml version="1.0" encoding="UTF-8"?>
<!-- Generated by org.testng.reporters.JUnitReportReporter -->
<testsuite hostname="DESKTOP-CSVPKHJ" failures="0" tests="1" name="kwdfDemos.MyTest" time="65.452" errors="0" timestamp="2022-09-10T07:58:08 IST" skipped="0">
  <testcase classname="kwdfDemos.MyTest" name="SampleTest" time="65.452"/>
  <system-out/>
</testsuite> <!-- kwdfDemos.MyTest -->
