<?xml version="1.0" encoding="UTF-8"?>
<!-- Generated by org.testng.reporters.JUnitReportReporter -->
<testsuite hostname="DESKTOP-CSVPKHJ" failures="0" tests="2" name="hybridDemos.HybridEbayProdCatSearchTest" time="52.632" errors="0" timestamp="2022-09-08T06:54:57 IST" skipped="0">
  <testcase classname="hybridDemos.HybridEbayProdCatSearchTest" name="prodSearch" time="23.557"/>
  <system-out>
    <![CDATA['English' Product Search in 'Music' Category Test is Successful...]]>
  </system-out>
  <testcase classname="hybridDemos.HybridEbayProdCatSearchTest" name="prodSearch" time="29.075"/>
  <system-out>
    <![CDATA['Selenium WebDriver' Product Search in 'Books' Category Test is Successful...]]>
  </system-out>
</testsuite> <!-- hybridDemos.HybridEbayProdCatSearchTest -->
