<?xml version="1.0" encoding="UTF-8"?>
<!-- Generated by org.testng.reporters.JUnitReportReporter -->
<testsuite hostname="DESKTOP-CSVPKHJ" failures="0" tests="1" name="pomTests.DDFEbayProdCatSearchTest" time="30.619" errors="0" timestamp="2022-09-05T07:24:53 IST" skipped="0">
  <testcase classname="pomTests.DDFEbayProdCatSearchTest" name="catSearch" time="30.619"/>
  <system-out>
    <![CDATA[Ebay Product Search in a category Test is Successful...]]>
  </system-out>
</testsuite> <!-- pomTests.DDFEbayProdCatSearchTest -->
