<?xml version="1.0" encoding="UTF-8"?>
<!-- Generated by org.testng.reporters.JUnitReportReporter -->
<testsuite hostname="DESKTOP-CSVPKHJ" failures="0" tests="2" name="ddfDemos.DDFEbayProdSearchTest" time="49.912" errors="0" timestamp="2022-09-07T07:05:48 IST" skipped="0">
  <testcase classname="ddfDemos.DDFEbayProdSearchTest" name="prodSearch" time="29.890"/>
  <system-out>
    <![CDATA['Selenium WebDriver' Product Search Test is Successful...]]>
  </system-out>
  <testcase classname="ddfDemos.DDFEbayProdSearchTest" name="prodSearch" time="20.022"/>
  <system-out>
    <![CDATA['English' Product Search Test is Successful...]]>
  </system-out>
</testsuite> <!-- ddfDemos.DDFEbayProdSearchTest -->
