<?xml version="1.0" encoding="UTF-8"?>
<!-- Generated by org.testng.reporters.JUnitReportReporter -->
<testsuite skipped="0" hostname="DESKTOP-CSVPKHJ" name="myDemos.MyTest" tests="1" failures="0" timestamp="2022-09-14T07:02:05 IST" time="30.819" errors="0">
  <testcase name="Search" time="30.819" classname="myDemos.MyTest"/>
  <system-out>
    <![CDATA[Ebay Search Test is Successful...]]>
  </system-out>
</testsuite> <!-- myDemos.MyTest -->
